<?xml version="1.0" encoding="UTF-8"?>
<testsuite name="com.bridgelabz.MoodAnalyserCheck" tests="1" skipped="0" failures="0" errors="0" timestamp="2020-06-24T19:15:32" hostname="KAJAL-LAPTOP" time="0.002">
  <properties/>
  <testcase name="givenMoodAnalyser_WhenProper_shouldReturnObject" classname="com.bridgelabz.MoodAnalyserCheck" time="0.002"/>
  <system-out><![CDATA[]]></system-out>
  <system-err><![CDATA[]]></system-err>
</testsuite>
