<?xml version="1.0" encoding="UTF-8"?>
<testsuite name="com.bridgelabz.MoodAnalyserCheck" tests="1" skipped="0" failures="0" errors="0" timestamp="2020-06-25T01:57:38" hostname="KAJAL-LAPTOP" time="0.11">
  <properties/>
  <testcase name="givenMoodAnalyser_WhenProper_shouldReturnObject1" classname="com.bridgelabz.MoodAnalyserCheck" time="0.11"/>
  <system-out><![CDATA[]]></system-out>
  <system-err><![CDATA[]]></system-err>
</testsuite>
