<?xml version="1.0" encoding="UTF-8"?>
<testsuite name="com.bridgelabz.MoodAnalyserCheck" tests="1" skipped="0" failures="0" errors="0" timestamp="2020-06-25T18:26:17" hostname="KAJAL-LAPTOP" time="0.015">
  <properties/>
  <testcase name="givenInvalidFieldName_ShouldReturnError" classname="com.bridgelabz.MoodAnalyserCheck" time="0.015"/>
  <system-out><![CDATA[ERROR: NO SUCH FIELD
]]></system-out>
  <system-err><![CDATA[]]></system-err>
</testsuite>
