<?xml version="1.0" encoding="UTF-8"?>
<testsuite name="com.bridgelabz.MoodAnalyserCheck" tests="1" skipped="0" failures="0" errors="0" timestamp="2020-06-25T12:43:05" hostname="KAJAL-LAPTOP" time="0.004">
  <properties/>
  <testcase name="givenMoodAnalyserClass2_WhenProper_shouldReturnObject" classname="com.bridgelabz.MoodAnalyserCheck" time="0.004"/>
  <system-out><![CDATA[]]></system-out>
  <system-err><![CDATA[]]></system-err>
</testsuite>
